This is pdfTeX, Version 3.1415926-1.40.10 (TeX Live 2009/Debian) (format=pdflatex 2016.1.13)  14 MAR 2016 08:08
entering extended mode
 %&-line parsing enabled.
**tesis_de_licenciatura.tex
(./tesis_de_licenciatura.tex
LaTeX2e <2009/09/24>
Babel <v3.8l> and hyphenation patterns for english, usenglishmax, dumylang, noh
yphenation, spanish, galician, catalan, loaded.
(/usr/share/texmf-texlive/tex/latex/base/report.cls
Document Class: report 2007/10/19 v1.4h Standard LaTeX document class
(/usr/share/texmf-texlive/tex/latex/base/size12.clo
File: size12.clo 2007/10/19 v1.4h Standard LaTeX file (size option)
)
\c@part=\count79
\c@chapter=\count80
\c@section=\count81
\c@subsection=\count82
\c@subsubsection=\count83
\c@paragraph=\count84
\c@subparagraph=\count85
\c@figure=\count86
\c@table=\count87
\abovecaptionskip=\skip41
\belowcaptionskip=\skip42
\bibindent=\dimen102
)
(/usr/share/texmf-texlive/tex/latex/base/inputenc.sty
Package: inputenc 2008/03/30 v1.1d Input encoding file
\inpenc@prehook=\toks14
\inpenc@posthook=\toks15

(/usr/share/texmf-texlive/tex/latex/base/utf8.def
File: utf8.def 2008/04/05 v1.1m UTF-8 support for inputenc
Now handling font encoding OML ...
... no UTF-8 mapping file for font encoding OML
Now handling font encoding T1 ...
... processing UTF-8 mapping file for font encoding T1

(/usr/share/texmf-texlive/tex/latex/base/t1enc.dfu
File: t1enc.dfu 2008/04/05 v1.1m UTF-8 support for inputenc
   defining Unicode char U+00A1 (decimal 161)
   defining Unicode char U+00A3 (decimal 163)
   defining Unicode char U+00AB (decimal 171)
   defining Unicode char U+00BB (decimal 187)
   defining Unicode char U+00BF (decimal 191)
   defining Unicode char U+00C0 (decimal 192)
   defining Unicode char U+00C1 (decimal 193)
   defining Unicode char U+00C2 (decimal 194)
   defining Unicode char U+00C3 (decimal 195)
   defining Unicode char U+00C4 (decimal 196)
   defining Unicode char U+00C5 (decimal 197)
   defining Unicode char U+00C6 (decimal 198)
   defining Unicode char U+00C7 (decimal 199)
   defining Unicode char U+00C8 (decimal 200)
   defining Unicode char U+00C9 (decimal 201)
   defining Unicode char U+00CA (decimal 202)
   defining Unicode char U+00CB (decimal 203)
   defining Unicode char U+00CC (decimal 204)
   defining Unicode char U+00CD (decimal 205)
   defining Unicode char U+00CE (decimal 206)
   defining Unicode char U+00CF (decimal 207)
   defining Unicode char U+00D0 (decimal 208)
   defining Unicode char U+00D1 (decimal 209)
   defining Unicode char U+00D2 (decimal 210)
   defining Unicode char U+00D3 (decimal 211)
   defining Unicode char U+00D4 (decimal 212)
   defining Unicode char U+00D5 (decimal 213)
   defining Unicode char U+00D6 (decimal 214)
   defining Unicode char U+00D8 (decimal 216)
   defining Unicode char U+00D9 (decimal 217)
   defining Unicode char U+00DA (decimal 218)
   defining Unicode char U+00DB (decimal 219)
   defining Unicode char U+00DC (decimal 220)
   defining Unicode char U+00DD (decimal 221)
   defining Unicode char U+00DE (decimal 222)
   defining Unicode char U+00DF (decimal 223)
   defining Unicode char U+00E0 (decimal 224)
   defining Unicode char U+00E1 (decimal 225)
   defining Unicode char U+00E2 (decimal 226)
   defining Unicode char U+00E3 (decimal 227)
   defining Unicode char U+00E4 (decimal 228)
   defining Unicode char U+00E5 (decimal 229)
   defining Unicode char U+00E6 (decimal 230)
   defining Unicode char U+00E7 (decimal 231)
   defining Unicode char U+00E8 (decimal 232)
   defining Unicode char U+00E9 (decimal 233)
   defining Unicode char U+00EA (decimal 234)
   defining Unicode char U+00EB (decimal 235)
   defining Unicode char U+00EC (decimal 236)
   defining Unicode char U+00ED (decimal 237)
   defining Unicode char U+00EE (decimal 238)
   defining Unicode char U+00EF (decimal 239)
   defining Unicode char U+00F0 (decimal 240)
   defining Unicode char U+00F1 (decimal 241)
   defining Unicode char U+00F2 (decimal 242)
   defining Unicode char U+00F3 (decimal 243)
   defining Unicode char U+00F4 (decimal 244)
   defining Unicode char U+00F5 (decimal 245)
   defining Unicode char U+00F6 (decimal 246)
   defining Unicode char U+00F8 (decimal 248)
   defining Unicode char U+00F9 (decimal 249)
   defining Unicode char U+00FA (decimal 250)
   defining Unicode char U+00FB (decimal 251)
   defining Unicode char U+00FC (decimal 252)
   defining Unicode char U+00FD (decimal 253)
   defining Unicode char U+00FE (decimal 254)
   defining Unicode char U+00FF (decimal 255)
   defining Unicode char U+0102 (decimal 258)
   defining Unicode char U+0103 (decimal 259)
   defining Unicode char U+0104 (decimal 260)
   defining Unicode char U+0105 (decimal 261)
   defining Unicode char U+0106 (decimal 262)
   defining Unicode char U+0107 (decimal 263)
   defining Unicode char U+010C (decimal 268)
   defining Unicode char U+010D (decimal 269)
   defining Unicode char U+010E (decimal 270)
   defining Unicode char U+010F (decimal 271)
   defining Unicode char U+0110 (decimal 272)
   defining Unicode char U+0111 (decimal 273)
   defining Unicode char U+0118 (decimal 280)
   defining Unicode char U+0119 (decimal 281)
   defining Unicode char U+011A (decimal 282)
   defining Unicode char U+011B (decimal 283)
   defining Unicode char U+011E (decimal 286)
   defining Unicode char U+011F (decimal 287)
   defining Unicode char U+0130 (decimal 304)
   defining Unicode char U+0131 (decimal 305)
   defining Unicode char U+0132 (decimal 306)
   defining Unicode char U+0133 (decimal 307)
   defining Unicode char U+0139 (decimal 313)
   defining Unicode char U+013A (decimal 314)
   defining Unicode char U+013D (decimal 317)
   defining Unicode char U+013E (decimal 318)
   defining Unicode char U+0141 (decimal 321)
   defining Unicode char U+0142 (decimal 322)
   defining Unicode char U+0143 (decimal 323)
   defining Unicode char U+0144 (decimal 324)
   defining Unicode char U+0147 (decimal 327)
   defining Unicode char U+0148 (decimal 328)
   defining Unicode char U+014A (decimal 330)
   defining Unicode char U+014B (decimal 331)
   defining Unicode char U+0150 (decimal 336)
   defining Unicode char U+0151 (decimal 337)
   defining Unicode char U+0152 (decimal 338)
   defining Unicode char U+0153 (decimal 339)
   defining Unicode char U+0154 (decimal 340)
   defining Unicode char U+0155 (decimal 341)
   defining Unicode char U+0158 (decimal 344)
   defining Unicode char U+0159 (decimal 345)
   defining Unicode char U+015A (decimal 346)
   defining Unicode char U+015B (decimal 347)
   defining Unicode char U+015E (decimal 350)
   defining Unicode char U+015F (decimal 351)
   defining Unicode char U+0160 (decimal 352)
   defining Unicode char U+0161 (decimal 353)
   defining Unicode char U+0162 (decimal 354)
   defining Unicode char U+0163 (decimal 355)
   defining Unicode char U+0164 (decimal 356)
   defining Unicode char U+0165 (decimal 357)
   defining Unicode char U+016E (decimal 366)
   defining Unicode char U+016F (decimal 367)
   defining Unicode char U+0170 (decimal 368)
   defining Unicode char U+0171 (decimal 369)
   defining Unicode char U+0178 (decimal 376)
   defining Unicode char U+0179 (decimal 377)
   defining Unicode char U+017A (decimal 378)
   defining Unicode char U+017B (decimal 379)
   defining Unicode char U+017C (decimal 380)
   defining Unicode char U+017D (decimal 381)
   defining Unicode char U+017E (decimal 382)
   defining Unicode char U+200C (decimal 8204)
   defining Unicode char U+2013 (decimal 8211)
   defining Unicode char U+2014 (decimal 8212)
   defining Unicode char U+2018 (decimal 8216)
   defining Unicode char U+2019 (decimal 8217)
   defining Unicode char U+201A (decimal 8218)
   defining Unicode char U+201C (decimal 8220)
   defining Unicode char U+201D (decimal 8221)
   defining Unicode char U+201E (decimal 8222)
   defining Unicode char U+2030 (decimal 8240)
   defining Unicode char U+2031 (decimal 8241)
   defining Unicode char U+2039 (decimal 8249)
   defining Unicode char U+203A (decimal 8250)
   defining Unicode char U+2423 (decimal 9251)
)
Now handling font encoding OT1 ...
... processing UTF-8 mapping file for font encoding OT1

(/usr/share/texmf-texlive/tex/latex/base/ot1enc.dfu
File: ot1enc.dfu 2008/04/05 v1.1m UTF-8 support for inputenc
   defining Unicode char U+00A1 (decimal 161)
   defining Unicode char U+00A3 (decimal 163)
   defining Unicode char U+00B8 (decimal 184)
   defining Unicode char U+00BF (decimal 191)
   defining Unicode char U+00C5 (decimal 197)
   defining Unicode char U+00C6 (decimal 198)
   defining Unicode char U+00D8 (decimal 216)
   defining Unicode char U+00DF (decimal 223)
   defining Unicode char U+00E6 (decimal 230)
   defining Unicode char U+00EC (decimal 236)
   defining Unicode char U+00ED (decimal 237)
   defining Unicode char U+00EE (decimal 238)
   defining Unicode char U+00EF (decimal 239)
   defining Unicode char U+00F8 (decimal 248)
   defining Unicode char U+0131 (decimal 305)
   defining Unicode char U+0141 (decimal 321)
   defining Unicode char U+0142 (decimal 322)
   defining Unicode char U+0152 (decimal 338)
   defining Unicode char U+0153 (decimal 339)
   defining Unicode char U+2013 (decimal 8211)
   defining Unicode char U+2014 (decimal 8212)
   defining Unicode char U+2018 (decimal 8216)
   defining Unicode char U+2019 (decimal 8217)
   defining Unicode char U+201C (decimal 8220)
   defining Unicode char U+201D (decimal 8221)
)
Now handling font encoding OMS ...
... processing UTF-8 mapping file for font encoding OMS

(/usr/share/texmf-texlive/tex/latex/base/omsenc.dfu
File: omsenc.dfu 2008/04/05 v1.1m UTF-8 support for inputenc
   defining Unicode char U+00A7 (decimal 167)
   defining Unicode char U+00B6 (decimal 182)
   defining Unicode char U+00B7 (decimal 183)
   defining Unicode char U+2020 (decimal 8224)
   defining Unicode char U+2021 (decimal 8225)
   defining Unicode char U+2022 (decimal 8226)
)
Now handling font encoding OMX ...
... no UTF-8 mapping file for font encoding OMX
Now handling font encoding U ...
... no UTF-8 mapping file for font encoding U
   defining Unicode char U+00A9 (decimal 169)
   defining Unicode char U+00AA (decimal 170)
   defining Unicode char U+00AE (decimal 174)
   defining Unicode char U+00BA (decimal 186)
   defining Unicode char U+02C6 (decimal 710)
   defining Unicode char U+02DC (decimal 732)
   defining Unicode char U+200C (decimal 8204)
   defining Unicode char U+2026 (decimal 8230)
   defining Unicode char U+2122 (decimal 8482)
   defining Unicode char U+2423 (decimal 9251)
))
(/usr/share/texmf-texlive/tex/generic/babel/babel.sty
Package: babel 2008/07/06 v3.8l The Babel package

(/usr/share/texmf-texlive/tex/generic/babel/spanish.ldf
Language: spanish.ldf 2009/01/02 v5.0h Spanish support from the babel system

(/usr/share/texmf-texlive/tex/generic/babel/babel.def
File: babel.def 2008/07/06 v3.8l Babel common definitions
\babel@savecnt=\count88
\U@D=\dimen103
)
\es@datefmt=\count89
\es@quottoks=\toks16
\es@quotdepth=\count90
Package babel Info: Making " an active character on input line 492.
Package babel Info: Making . an active character on input line 585.
Package babel Info: Making < an active character on input line 630.
Package babel Info: Making > an active character on input line 630.
))
(/usr/share/texmf-texlive/tex/latex/graphics/color.sty
Package: color 2005/11/14 v1.0j Standard LaTeX Color (DPC)

(/etc/texmf/tex/latex/config/color.cfg
File: color.cfg 2007/01/18 v1.5 color configuration of teTeX/TeXLive
)
Package color Info: Driver file: pdftex.def on input line 130.

(/usr/share/texmf-texlive/tex/latex/pdftex-def/pdftex.def
File: pdftex.def 2010/03/12 v0.04p Graphics/color for pdfTeX
\Gread@gobject=\count91
))
(/usr/share/texmf-texlive/tex/latex/soul/soul.sty
Package: soul 2003/11/17 v2.4 letterspacing/underlining (mf)
\SOUL@word=\toks17
\SOUL@lasttoken=\toks18
\SOUL@cmds=\toks19
\SOUL@buffer=\toks20
\SOUL@token=\toks21
\SOUL@spaceskip=\skip43
\SOUL@ttwidth=\dimen104
\SOUL@uldp=\dimen105
\SOUL@ulht=\dimen106
)
(/usr/share/texmf-texlive/tex/latex/graphics/graphicx.sty
Package: graphicx 1999/02/16 v1.0f Enhanced LaTeX Graphics (DPC,SPQR)

(/usr/share/texmf-texlive/tex/latex/graphics/keyval.sty
Package: keyval 1999/03/16 v1.13 key=value parser (DPC)
\KV@toks@=\toks22
)
(/usr/share/texmf-texlive/tex/latex/graphics/graphics.sty
Package: graphics 2009/02/05 v1.0o Standard LaTeX Graphics (DPC,SPQR)

(/usr/share/texmf-texlive/tex/latex/graphics/trig.sty
Package: trig 1999/03/16 v1.09 sin cos tan (DPC)
)
(/etc/texmf/tex/latex/config/graphics.cfg
File: graphics.cfg 2009/08/28 v1.8 graphics configuration of TeX Live
)
Package graphics Info: Driver file: pdftex.def on input line 91.
)
\Gin@req@height=\dimen107
\Gin@req@width=\dimen108
)
(/usr/share/texmf-texlive/tex/latex/amsmath/amsmath.sty
Package: amsmath 2000/07/18 v2.13 AMS math features
\@mathmargin=\skip44

For additional information on amsmath, use the `?' option.
(/usr/share/texmf-texlive/tex/latex/amsmath/amstext.sty
Package: amstext 2000/06/29 v2.01

(/usr/share/texmf-texlive/tex/latex/amsmath/amsgen.sty
File: amsgen.sty 1999/11/30 v2.0
\@emptytoks=\toks23
\ex@=\dimen109
))
(/usr/share/texmf-texlive/tex/latex/amsmath/amsbsy.sty
Package: amsbsy 1999/11/29 v1.2d
\pmbraise@=\dimen110
)
(/usr/share/texmf-texlive/tex/latex/amsmath/amsopn.sty
Package: amsopn 1999/12/14 v2.01 operator names
)
\inf@bad=\count92
LaTeX Info: Redefining \frac on input line 211.
\uproot@=\count93
\leftroot@=\count94
LaTeX Info: Redefining \overline on input line 307.
\classnum@=\count95
\DOTSCASE@=\count96
LaTeX Info: Redefining \ldots on input line 379.
LaTeX Info: Redefining \dots on input line 382.
LaTeX Info: Redefining \cdots on input line 467.
\Mathstrutbox@=\box26
\strutbox@=\box27
\big@size=\dimen111
LaTeX Font Info:    Redeclaring font encoding OML on input line 567.
LaTeX Font Info:    Redeclaring font encoding OMS on input line 568.
\macc@depth=\count97
\c@MaxMatrixCols=\count98
\dotsspace@=\muskip10
\c@parentequation=\count99
\dspbrk@lvl=\count100
\tag@help=\toks24
\row@=\count101
\column@=\count102
\maxfields@=\count103
\andhelp@=\toks25
\eqnshift@=\dimen112
\alignsep@=\dimen113
\tagshift@=\dimen114
\tagwidth@=\dimen115
\totwidth@=\dimen116
\lineht@=\dimen117
\@envbody=\toks26
\multlinegap=\skip45
\multlinetaggap=\skip46
\mathdisplay@stack=\toks27
LaTeX Info: Redefining \[ on input line 2666.
LaTeX Info: Redefining \] on input line 2667.
)
(/usr/share/texmf-texlive/tex/latex/amsfonts/amsfonts.sty
Package: amsfonts 2009/06/22 v3.00 Basic AMSFonts support
\symAMSa=\mathgroup4
\symAMSb=\mathgroup5
LaTeX Font Info:    Overwriting math alphabet `\mathfrak' in version `bold'
(Font)                  U/euf/m/n --> U/euf/b/n on input line 96.
)
(/usr/share/texmf-texlive/tex/latex/tools/verbatim.sty
Package: verbatim 2003/08/22 v1.5q LaTeX2e package for verbatim enhancements
\every@verbatim=\toks28
\verbatim@line=\toks29
\verbatim@in@stream=\read1
)
(/usr/share/texmf-texlive/tex/latex/geometry/geometry.sty
Package: geometry 2008/12/21 v4.2 Page Geometry

(/usr/share/texmf-texlive/tex/generic/oberdiek/ifpdf.sty
Package: ifpdf 2009/04/10 v2.0 Provides the ifpdf switch (HO)
Package ifpdf Info: pdfTeX in pdf mode detected.
)
(/usr/share/texmf-texlive/tex/generic/oberdiek/ifvtex.sty
Package: ifvtex 2008/11/04 v1.4 Switches for detecting VTeX and its modes (HO)
Package ifvtex Info: VTeX not detected.
)
\Gm@cnth=\count104
\Gm@cntv=\count105
\c@Gm@tempcnt=\count106
\Gm@bindingoffset=\dimen118
\Gm@wd@mp=\dimen119
\Gm@odd@mp=\dimen120
\Gm@even@mp=\dimen121
\Gm@dimlist=\toks30
)
(/usr/share/texmf-texlive/tex/latex/cite/cite.sty
LaTeX Info: Redefining \cite on input line 285.
LaTeX Info: Redefining \nocite on input line 356.
Package: cite 2009/08/29  v 5.2
)
(/usr/share/texmf-texlive/tex/latex/was/gensymb.sty
Package: gensymb 2003/07/02 v1.0 (WaS)
)
(/usr/share/texmf-texlive/tex/latex/rotating/rotating.sty
Package: rotating 2009/03/28 v2.16a rotated objects in LaTeX

(/usr/share/texmf-texlive/tex/latex/base/ifthen.sty
Package: ifthen 2001/05/26 v1.1c Standard LaTeX ifthen package (DPC)
)
\c@r@tfl@t=\count107
\rotFPtop=\skip47
\rotFPbot=\skip48
\rot@float@box=\box28
\rot@mess@toks=\toks31
)
(/usr/share/texmf-texlive/tex/latex/caption/caption.sty
Package: caption 2009/10/09 v3.1k Customizing captions (AR)

(/usr/share/texmf-texlive/tex/latex/caption/caption3.sty
Package: caption3 2009/10/09 v3.1k caption3 kernel (AR)
\captionmargin=\dimen122
\captionmargin@=\dimen123
\captionwidth=\dimen124
\caption@indent=\dimen125
\caption@parindent=\dimen126
\caption@hangindent=\dimen127
)
\c@ContinuedFloat=\count108
Package caption Info: rotating package is loaded.
)
(/usr/share/texmf-texlive/tex/latex/caption/subcaption.sty
Package: subcaption 2008/08/31 v1.0b Adding subcaptions (AR)
\c@subfigure=\count109
\c@subtable=\count110
)
(/usr/share/texmf-texlive/tex/latex/fancyhdr/fancyhdr.sty
\fancy@headwidth=\skip49
\f@ncyO@elh=\skip50
\f@ncyO@erh=\skip51
\f@ncyO@olh=\skip52
\f@ncyO@orh=\skip53
\f@ncyO@elf=\skip54
\f@ncyO@erf=\skip55
\f@ncyO@olf=\skip56
\f@ncyO@orf=\skip57
)

Package Fancyhdr Warning: \fancyhead's `E' option without twoside option is use
less on input line 20.


Package Fancyhdr Warning: \fancyhead's `E' option without twoside option is use
less on input line 22.

(./tesis_de_licenciatura.aux (./cap_resumen.aux)
(./cap_0_motivaciones_y_objetivos.aux) (./cap_1_introduccion.aux)
(./cap_2_materiales_y_metodos.aux)
(./cap_3_metodos_de_agrupamiento_de_datos.aux)
(./cap_4_analisis_de_datos_transcripcionales.aux) (./cap_5_bhi.aux)
(./cap_6_coherencia_entre_la_metrica_transcripcional_y_el_espacio_de_expresion.
aux) (./cap_7_metrica_mixta.aux

LaTeX Warning: Label `eq:stress' multiply defined.

) (./cap_8_conclusiones_y_perspectivas.aux))
\openout1 = `tesis_de_licenciatura.aux'.

LaTeX Font Info:    Checking defaults for OML/cmm/m/it on input line 38.
LaTeX Font Info:    ... okay on input line 38.
LaTeX Font Info:    Checking defaults for T1/cmr/m/n on input line 38.
LaTeX Font Info:    ... okay on input line 38.
LaTeX Font Info:    Checking defaults for OT1/cmr/m/n on input line 38.
LaTeX Font Info:    ... okay on input line 38.
LaTeX Font Info:    Checking defaults for OMS/cmsy/m/n on input line 38.
LaTeX Font Info:    ... okay on input line 38.
LaTeX Font Info:    Checking defaults for OMX/cmex/m/n on input line 38.
LaTeX Font Info:    ... okay on input line 38.
LaTeX Font Info:    Checking defaults for U/cmr/m/n on input line 38.
LaTeX Font Info:    ... okay on input line 38.

(/usr/share/texmf-texlive/tex/context/base/supp-pdf.mkii
[Loading MPS to PDF converter (version 2006.09.02).]
\scratchcounter=\count111
\scratchdimen=\dimen128
\scratchbox=\box29
\nofMPsegments=\count112
\nofMParguments=\count113
\everyMPshowfont=\toks32
\MPscratchCnt=\count114
\MPscratchDim=\dimen129
\MPnumerator=\count115
\everyMPtoPDFconversion=\toks33
)
*geometry auto-detecting driver*
*geometry detected driver: pdftex*
-------------------- Geometry parameters
paper: class default
landscape: --
twocolumn: --
twoside: --
asymmetric: --
h-parts: 85.35826pt, 472.03123pt, 56.9055pt
v-parts: 85.35826pt, 652.70622pt, 56.9055pt
hmarginratio: --
vmarginratio: --
lines: --
heightrounded: --
bindingoffset: 0.0pt
truedimen: --
includehead: --
includefoot: --
includemp: --
driver: pdftex
-------------------- Page layout dimensions and switches
\paperwidth  614.295pt
\paperheight 794.96999pt
\textwidth  472.03123pt
\textheight 652.70622pt
\oddsidemargin  13.08827pt
\evensidemargin 13.08827pt
\topmargin  -23.91173pt
\headheight 12.0pt
\headsep    25.0pt
\footskip   30.0pt
\marginparwidth 44.0pt
\marginparsep   10.0pt
\columnsep  10.0pt
\skip\footins  10.8pt plus 4.0pt minus 2.0pt
\hoffset 0.0pt
\voffset 0.0pt
\mag 1000

(1in=72.27pt, 1cm=28.45pt)
-----------------------
LaTeX Info: Redefining \celsius on input line 38.
Package gensymb Info: Faking symbols for \degree and \celsius on input line 38.


Package gensymb Warning: Not defining \perthousand.

LaTeX Info: Redefining \ohm on input line 38.
Package gensymb Info: Using \Omega for \ohm on input line 38.

Package gensymb Warning: Not defining \micro.

Package caption Info: Begin \AtBeginDocument code.
Package caption Info: End \AtBeginDocument code.
LaTeX Font Info:    Try loading font information for U+msa on input line 41.
(/usr/share/texmf-texlive/tex/latex/amsfonts/umsa.fd
File: umsa.fd 2009/06/22 v3.00 AMS symbols A
)
LaTeX Font Info:    Try loading font information for U+msb on input line 41.

(/usr/share/texmf-texlive/tex/latex/amsfonts/umsb.fd
File: umsb.fd 2009/06/22 v3.00 AMS symbols B
) [1

{/var/lib/texmf/fonts/map/pdftex/updmap/pdftex.map}]

Package Fancyhdr Warning: \headheight is too small (12.0pt): 
 Make it at least 14.49998pt.
 We now make it that large for the rest of the document.
 This may cause the page layout to be inconsistent, however.

[1

] [2

] [3

]
\openout2 = `cap_resumen.aux'.

 (./cap_resumen.tex)
Underfull \hbox (badness 10000) in paragraph at lines 2--45

 []


Underfull \hbox (badness 10000) in paragraph at lines 2--45

 []


Underfull \hbox (badness 10000) in paragraph at lines 2--45

 []


Underfull \hbox (badness 10000) in paragraph at lines 2--45

 []


Underfull \hbox (badness 10000) in paragraph at lines 2--45

 []

[4


] [5] [6


] [7

] [8

] [9

] [10

] (./tesis_de_licenciatura.toc [11

]
Overfull \hbox (16.36787pt too wide) in paragraph at lines 53--53
 [][] []\OT1/cmr/m/n/12 Modulaci^^Son de he-te-ro-ge-nei-da-des trans-crip-cio-
na-les con in-for-ma-ci^^Son biol^^Sogi- 
 []

)
\tf@toc=\write3
\openout3 = `tesis_de_licenciatura.toc'.



Package Fancyhdr Warning: \headheight is too small (14.49998pt): 
 Make it at least 15.71667pt.
 We now make it that large for the rest of the document.
 This may cause the page layout to be inconsistent, however.

[12]
\openout2 = `cap_0_motivaciones_y_objetivos.aux'.

 (./cap_0_motivaciones_y_objetivos.tex
Underfull \hbox (badness 10000) in paragraph at lines 2--6

 []


Underfull \hbox (badness 10000) in paragraph at lines 2--6

 []


Underfull \hbox (badness 10000) in paragraph at lines 2--6

 []

)
Underfull \hbox (badness 10000) in paragraph at lines 8--54

 []


Underfull \hbox (badness 10000) in paragraph at lines 8--54

 []

[13


] [14]
\openout2 = `cap_1_introduccion.aux'.

 (./cap_1_introduccion.tex
Cap\'{\i }tulo 1.
<figuras/celula_eucariota.png, id=53, 1361.085pt x 796.9775pt>
File: figuras/celula_eucariota.png Graphic file (type png)

<use figuras/celula_eucariota.png>
<figuras/adn1.png, id=55, 1339.0025pt x 794.97pt>
File: figuras/adn1.png Graphic file (type png)
 <use figuras/adn1.png>
Underfull \hbox (badness 10000) in paragraph at lines 4--20

 []


Underfull \hbox (badness 10000) in paragraph at lines 4--20

 []


Underfull \hbox (badness 10000) in paragraph at lines 4--20

 []


Underfull \hbox (badness 10000) in paragraph at lines 4--20

 []


LaTeX Warning: `h' float specifier changed to `ht'.


LaTeX Warning: `h' float specifier changed to `ht'.

[15



] <figuras/adn2.png, id=59, 926.46124pt x 329.23pt>
File: figuras/adn2.png Graphic file (type png)
 <use figuras/adn2.png>
<figuras/adn3.png, id=60, 526.96875pt x 614.295pt>
File: figuras/adn3.png Graphic file (type png)
 <use figuras/adn3.png>)
Underfull \hbox (badness 10000) in paragraph at lines 22--55

 []


Underfull \hbox (badness 10000) in paragraph at lines 22--55

 []


Underfull \hbox (badness 10000) in paragraph at lines 22--55

 []


Underfull \hbox (badness 10000) in paragraph at lines 22--55

 []

[16 <./figuras/celula_eucariota.png>] [17 <./figuras/adn1.png> <./figuras/adn2.
png>] [18 <./figuras/adn3.png>] [19]
\openout2 = `cap_2_materiales_y_metodos.aux'.

 (./cap_2_materiales_y_metodos.tex
Cap\'{\i }tulo 2.
<figuras/micromatriz.png, id=79, 1118.1775pt x 806.01125pt>
File: figuras/micromatriz.png Graphic file (type png)

<use figuras/micromatriz.png>
Underfull \hbox (badness 10000) in paragraph at lines 5--15

 []


Underfull \hbox (badness 10000) in paragraph at lines 5--15

 []


Underfull \hbox (badness 10000) in paragraph at lines 5--15

 []


Underfull \hbox (badness 10000) in paragraph at lines 5--15

 []


LaTeX Warning: `h' float specifier changed to `ht'.


Underfull \hbox (badness 10000) in paragraph at lines 16--20

 []


Underfull \hbox (badness 10000) in paragraph at lines 16--20

 []


Underfull \hbox (badness 10000) in paragraph at lines 16--20

 []

[20



] [21 <./figuras/micromatriz.png>]
Underfull \hbox (badness 10000) in paragraph at lines 27--32

 []


Underfull \hbox (badness 10000) in paragraph at lines 27--32

 []


Underfull \hbox (badness 10000) in paragraph at lines 27--32

 []

[22]
Underfull \hbox (badness 10000) in paragraph at lines 46--48

 []


Underfull \hbox (badness 10000) in paragraph at lines 46--48

 []


Underfull \hbox (badness 10000) in paragraph at lines 46--48

 []

[23]
Underfull \hbox (badness 10000) in paragraph at lines 49--53

 []


Underfull \hbox (badness 10000) in paragraph at lines 49--53

 []


Underfull \hbox (badness 10000) in paragraph at lines 49--53

 []


Underfull \hbox (badness 10000) in paragraph at lines 49--53

 []


Underfull \hbox (badness 10000) in paragraph at lines 49--53

 []


Underfull \hbox (badness 10000) in paragraph at lines 55--57

 []

[24] <figuras/mapa_kegg.png, id=101, 497.86pt x 591.20876pt>
File: figuras/mapa_kegg.png Graphic file (type png)

<use figuras/mapa_kegg.png>
Underfull \hbox (badness 10000) in paragraph at lines 62--66

 []


Underfull \hbox (badness 10000) in paragraph at lines 62--66

 []

[25 <./figuras/mapa_kegg.png>]
Underfull \hbox (badness 10000) in paragraph at lines 68--76

 []


Underfull \hbox (badness 10000) in paragraph at lines 68--76

 []


Underfull \hbox (badness 10000) in paragraph at lines 68--76

 []


Underfull \hbox (badness 10000) in paragraph at lines 68--76

 []


Underfull \hbox (badness 10000) in paragraph at lines 68--76

 []


Underfull \hbox (badness 10000) in paragraph at lines 68--76

 []


Underfull \hbox (badness 10000) in paragraph at lines 68--76

 []


Underfull \hbox (badness 10000) in paragraph at lines 68--76

 []

[26] <figuras/ejemplo_de_go.png, id=109, 682.55pt x 701.62125pt>
File: figuras/ejemplo_de_go.png Graphic file (type png)

<use figuras/ejemplo_de_go.png>
Overfull \hbox (0.98723pt too wide) in paragraph at lines 89--89
[]\OT1/cmr/m/n/12 Siglas| 
 []


Underfull \hbox (badness 2073) in paragraph at lines 103--103
[]\OT1/cmr/m/n/12 Similaridad es-truc-tu-
 []


Underfull \hbox (badness 4479) in paragraph at lines 105--105
[]\OT1/cmr/m/n/12 An^^Sali-sis compu-tacio-
 []


Underfull \hbox (badness 10000) in paragraph at lines 81--115

 []


Underfull \hbox (badness 10000) in paragraph at lines 81--115

 []


Underfull \hbox (badness 10000) in paragraph at lines 81--115

 []


Underfull \hbox (badness 10000) in paragraph at lines 81--115

 []


Underfull \hbox (badness 10000) in paragraph at lines 81--115

 []


Underfull \hbox (badness 10000) in paragraph at lines 81--115

 []

[27 <./figuras/ejemplo_de_go.png>]
<figuras/codigos_de_evidencia.png, id=114, 702.625pt x 702.625pt>
File: figuras/codigos_de_evidencia.png Graphic file (type png)

<use figuras/codigos_de_evidencia.png> [28] [29]) [30 <./figuras/codigos_de_evi
dencia.png (PNG copy)>]
\openout2 = `cap_3_metodos_de_agrupamiento_de_datos.aux'.

 (./cap_3_metodos_de_agrupamiento_de_datos.tex
Cap\'{\i }tulo 3.

Underfull \hbox (badness 10000) in paragraph at lines 2--8

 []


Underfull \hbox (badness 10000) in paragraph at lines 2--8

 []


Underfull \hbox (badness 10000) in paragraph at lines 2--8

 []


Underfull \hbox (badness 10000) in paragraph at lines 2--8

 []


Underfull \hbox (badness 10000) in paragraph at lines 2--8

 []


Underfull \hbox (badness 10000) in paragraph at lines 9--11

 []

[31



]
Underfull \hbox (badness 10000) in paragraph at lines 13--17

 []


Underfull \hbox (badness 10000) in paragraph at lines 23--24

 []


Underfull \hbox (badness 10000) in paragraph at lines 23--24

 []


Underfull \hbox (badness 10000) in paragraph at lines 25--27

 []


Underfull \hbox (badness 10000) in paragraph at lines 34--37

 []


Underfull \hbox (badness 10000) in paragraph at lines 34--37

 []

[32] [33] <figuras/perfiles_sin_agrupar.png, id=138, 702.625pt x 648.4225pt>
File: figuras/perfiles_sin_agrupar.png Graphic file (type png)

<use figuras/perfiles_sin_agrupar.png>
<figuras/perfiles_anti_coregulados.png, id=139, 702.625pt x 649.42625pt>
File: figuras/perfiles_anti_coregulados.png Graphic file (type png)

<use figuras/perfiles_anti_coregulados.png>
<figuras/perfiles_coregulados.png, id=140, 702.625pt x 650.43pt>
File: figuras/perfiles_coregulados.png Graphic file (type png)

<use figuras/perfiles_coregulados.png>
Underfull \hbox (badness 10000) in paragraph at lines 66--92

 []


Underfull \hbox (badness 10000) in paragraph at lines 66--92

 []


Underfull \hbox (badness 10000) in paragraph at lines 99--105

 []


Underfull \hbox (badness 10000) in paragraph at lines 99--105

 []


Underfull \hbox (badness 10000) in paragraph at lines 99--105

 []

[34] [35 <./figuras/perfiles_sin_agrupar.png> <./figuras/perfiles_anti_coregula
dos.png> <./figuras/perfiles_coregulados.png (PNG copy)>]
Underfull \hbox (badness 10000) in paragraph at lines 113--117

 []

[36]
Underfull \hbox (badness 10000) in paragraph at lines 119--121

 []


Underfull \hbox (badness 10000) in paragraph at lines 122--125

 []


Underfull \hbox (badness 10000) in paragraph at lines 122--125

 []

<figuras/dag.png, id=154, 454.69875pt x 313.17pt>
File: figuras/dag.png Graphic file (type png)
 <use figuras/dag.png>
Underfull \hbox (badness 10000) in paragraph at lines 127--141

 []


Overfull \hbox (26.13966pt too wide) in paragraph at lines 127--141
\OMS/cmsy/m/n/12 f\OML/cmm/m/it/12 R; c[]; :::; c[]\OMS/cmsy/m/n/12 g$ \OT1/cmr
/m/n/12 y con 5 en-ti-da-des ma-pea-das (ge-nes ano-ta-dos): $\OML/cmm/m/it/12 
g[] \OT1/cmr/m/n/12 = \OMS/cmsy/m/n/12 f\OT1/cmr/m/n/12 5\OML/cmm/m/it/12 ; \OT
1/cmr/m/n/12 6\OML/cmm/m/it/12 ; \OT1/cmr/m/n/12 2\OML/cmm/m/it/12 ; \OT1/cmr/m
/n/12 0\OML/cmm/m/it/12 ; r\OMS/cmsy/m/n/12 g$\OT1/cmr/m/n/12 , $\OML/cmm/m/it/
12 g[] \OT1/cmr/m/n/12 = \OMS/cmsy/m/n/12 f\OT1/cmr/m/n/12 5\OML/cmm/m/it/12 ; 
\OT1/cmr/m/n/12 4\OML/cmm/m/it/12 ; \OT1/cmr/m/n/12 2\OML/cmm/m/it/12 ; \OT1/cm
r/m/n/12 3\OML/cmm/m/it/12 ; \OT1/cmr/m/n/12 0\OML/cmm/m/it/12 ; r\OMS/cmsy/m/n
/12 g$\OT1/cmr/m/n/12 ,
 []


Underfull \hbox (badness 10000) in paragraph at lines 127--141

 []


Underfull \hbox (badness 10000) in paragraph at lines 127--141

 []


Underfull \hbox (badness 10000) in paragraph at lines 127--141

 []


Underfull \hbox (badness 10000) in paragraph at lines 127--141

 []

[37

]
Underfull \hbox (badness 10000) in paragraph at lines 144--149

 []


Underfull \hbox (badness 10000) in paragraph at lines 144--149

 []

[38 <./figuras/dag.png>]
Underfull \hbox (badness 10000) in paragraph at lines 165--168

 []


Underfull \hbox (badness 10000) in paragraph at lines 165--168

 []


Underfull \hbox (badness 10000) in paragraph at lines 165--168

 []


Underfull \hbox (badness 10000) in paragraph at lines 165--168

 []

[39]
Underfull \hbox (badness 10000) in paragraph at lines 173--175

 []

<figuras/ejemplo_k_means.png, id=168, 702.625pt x 401.5pt>
File: figuras/ejemplo_k_means.png Graphic file (type png)

<use figuras/ejemplo_k_means.png>
Underfull \hbox (badness 10000) in paragraph at lines 190--192

 []

[40 <./figuras/ejemplo_k_means.png (PNG copy)>]
Underfull \hbox (badness 10000) in paragraph at lines 198--203

 []


Underfull \hbox (badness 10000) in paragraph at lines 198--203

 []


Underfull \hbox (badness 10000) in paragraph at lines 198--203

 []


Underfull \hbox (badness 10000) in paragraph at lines 198--203

 []

[41]
Underfull \hbox (badness 10000) in paragraph at lines 205--208

 []

<figuras/agrupamiento_jerarquico.png, id=175, 702.625pt x 350.30875pt>
File: figuras/agrupamiento_jerarquico.png Graphic file (type png)

<use figuras/agrupamiento_jerarquico.png> [42 <./figuras/agrupamiento_jerarquic
o.png (PNG copy)>]
<figuras/corte_arbol_estatico.png, id=181, 702.625pt x 702.625pt>
File: figuras/corte_arbol_estatico.png Graphic file (type png)

<use figuras/corte_arbol_estatico.png>
Underfull \hbox (badness 10000) in paragraph at lines 224--233

 []

[43 <./figuras/corte_arbol_estatico.png (PNG copy)>] [44]
<figuras/cut_tree_dynamic_ejemplo.png, id=189, 969.6225pt x 413.545pt>
File: figuras/cut_tree_dynamic_ejemplo.png Graphic file (type png)

<use figuras/cut_tree_dynamic_ejemplo.png>
Underfull \hbox (badness 10000) in paragraph at lines 249--260

 []


Underfull \hbox (badness 10000) in paragraph at lines 249--260

 []


Underfull \hbox (badness 10000) in paragraph at lines 249--260

 []


Underfull \hbox (badness 10000) in paragraph at lines 266--268

 []

[45 <./figuras/cut_tree_dynamic_ejemplo.png>]
Underfull \hbox (badness 10000) in paragraph at lines 273--276

 []


Underfull \hbox (badness 10000) in paragraph at lines 273--276

 []


Underfull \hbox (badness 10000) in paragraph at lines 273--276

 []

)
Underfull \hbox (badness 10000) in paragraph at lines 278--57

 []


Underfull \hbox (badness 10000) in paragraph at lines 278--57

 []


Underfull \hbox (badness 10000) in paragraph at lines 278--57

 []


Underfull \hbox (badness 10000) in paragraph at lines 278--57

 []

[46] [47]
\openout2 = `cap_4_analisis_de_datos_transcripcionales.aux'.

 (./cap_4_analisis_de_datos_transcripcionales.tex
Cap\'{\i }tulo 4.

Underfull \hbox (badness 10000) in paragraph at lines 2--5

 []


Underfull \hbox (badness 10000) in paragraph at lines 2--5

 []

<figuras/densidad_de_desviacion_estandar.pdf, id=200, 614.295pt x 794.97pt>
File: figuras/densidad_de_desviacion_estandar.pdf Graphic file (type pdf)

<use figuras/densidad_de_desviacion_estandar.pdf>
<figuras/densidad_para_niveles.pdf, id=201, 614.295pt x 794.97pt>
File: figuras/densidad_para_niveles.pdf Graphic file (type pdf)

<use figuras/densidad_para_niveles.pdf>
Underfull \hbox (badness 10000) in paragraph at lines 7--28

 []


Underfull \hbox (badness 10000) in paragraph at lines 7--28

 []

[48



]

Package Fancyhdr Warning: \headheight is too small (15.71667pt): 
 Make it at least 27.18335pt.
 We now make it that large for the rest of the document.
 This may cause the page layout to be inconsistent, however.

[49 <./figuras/densidad_de_desviacion_estandar.pdf> <./figuras/densidad_para_ni
veles.pdf>]
Underfull \hbox (badness 10000) in paragraph at lines 68--71

 []


Underfull \hbox (badness 10000) in paragraph at lines 77--81

 []


Underfull \hbox (badness 10000) in paragraph at lines 77--81

 []

[50] [51] <figuras/barrido_k_ch.png, id=227, 1204.5pt x 966.61125pt>
File: figuras/barrido_k_ch.png Graphic file (type png)

<use figuras/barrido_k_ch.png>
<figuras/barrido_k_dunn.png, id=228, 1204.5pt x 966.61125pt>
File: figuras/barrido_k_dunn.png Graphic file (type png)

<use figuras/barrido_k_dunn.png>
<figuras/perfiles_k_means.png, id=229, 1213.53375pt x 744.7825pt>
File: figuras/perfiles_k_means.png Graphic file (type png)

<use figuras/perfiles_k_means.png> [52

 <./figuras/barrido_k_ch.png (PNG copy)> <./figuras/barrido_k_dunn.png (PNG cop
y)>]

LaTeX Warning: Reference `ref:histograma_ds_1' on page 53 undefined on input li
ne 107.


LaTeX Warning: Reference `ref:histograma_ds_4' on page 53 undefined on input li
ne 107.

<figuras/histograma_ds_1.pdf, id=235, 794.97pt x 614.295pt>
File: figuras/histograma_ds_1.pdf Graphic file (type pdf)

<use figuras/histograma_ds_1.pdf>
<figuras/histograma_ds_4.pdf, id=236, 794.97pt x 614.295pt>
File: figuras/histograma_ds_4.pdf Graphic file (type pdf)

<use figuras/histograma_ds_4.pdf>
<figuras/perfiles_ds_1.pdf, id=237, 614.295pt x 794.97pt>
File: figuras/perfiles_ds_1.pdf Graphic file (type pdf)

<use figuras/perfiles_ds_1.pdf>
<figuras/perfiles_ds_4.pdf, id=238, 614.295pt x 794.97pt>
File: figuras/perfiles_ds_4.pdf Graphic file (type pdf)

<use figuras/perfiles_ds_4.pdf>

LaTeX Warning: Reference `ref:correlacion_media_por_tamano_ds_1' on page 53 und
efined on input line 142.


LaTeX Warning: Reference `ref:correlacion_media_por_tamano_ds_4' on page 53 und
efined on input line 142.

<figuras/correlacion_media_por_tamano_ds_1.pdf, id=239, 614.295pt x 794.97pt>
File: figuras/correlacion_media_por_tamano_ds_1.pdf Graphic file (type pdf)

<use figuras/correlacion_media_por_tamano_ds_1.pdf>
<figuras/correlacion_media_por_tamano_ds_4.pdf, id=240, 614.295pt x 794.97pt>
File: figuras/correlacion_media_por_tamano_ds_4.pdf Graphic file (type pdf)

<use figuras/correlacion_media_por_tamano_ds_4.pdf>
Underfull \hbox (badness 10000) in paragraph at lines 107--161

 []


Underfull \hbox (badness 10000) in paragraph at lines 107--161

 []


Underfull \hbox (badness 10000) in paragraph at lines 107--161

 []


Underfull \hbox (badness 10000) in paragraph at lines 107--161

 []


Underfull \hbox (badness 10000) in paragraph at lines 107--161

 []

[53 <./figuras/perfiles_k_means.png (PNG copy)>] [54] [55 <./figuras/histograma
_ds_1.pdf> <./figuras/histograma_ds_4.pdf>] [56 <./figuras/perfiles_ds_1.pdf> <
./figuras/perfiles_ds_4.pdf>] [57 <./figuras/correlacion_media_por_tamano_ds_1.
pdf> <./figuras/correlacion_media_por_tamano_ds_4.pdf>]
<figuras/ecdf_k_ds1_ds4.pdf, id=299, 614.295pt x 794.97pt>
File: figuras/ecdf_k_ds1_ds4.pdf Graphic file (type pdf)

<use figuras/ecdf_k_ds1_ds4.pdf>
<figuras/fraccion_de_km_en_ds1_en_ds4.pdf, id=300, 614.295pt x 794.97pt>
File: figuras/fraccion_de_km_en_ds1_en_ds4.pdf Graphic file (type pdf)

<use figuras/fraccion_de_km_en_ds1_en_ds4.pdf>

LaTeX Warning: `h' float specifier changed to `ht'.


Underfull \hbox (badness 10000) in paragraph at lines 195--197

 []


Underfull \hbox (badness 10000) in paragraph at lines 195--197

 []

[58

] [59 <./figuras/ecdf_k_ds1_ds4.pdf>] [60 <./figuras/fraccion_de_km_en_ds1_en_d
s4.pdf>]) [61

]
\openout2 = `cap_5_bhi.aux'.

 (./cap_5_bhi.tex
Cap\'{\i }tulo 5.

LaTeX Warning: Reference `fig:interacting_densities' on page 62 undefined on in
put line 14.

<figuras/interacting_densities_cc.pdf, id=326, 614.295pt x 794.97pt>
File: figuras/interacting_densities_cc.pdf Graphic file (type pdf)

<use figuras/interacting_densities_cc.pdf>
<figuras/interacting_densities_bpa.pdf, id=327, 614.295pt x 794.97pt>
File: figuras/interacting_densities_bpa.pdf Graphic file (type pdf)

<use figuras/interacting_densities_bpa.pdf>
<figuras/interacting_densities_bpb.pdf, id=328, 614.295pt x 794.97pt>
File: figuras/interacting_densities_bpb.pdf Graphic file (type pdf)

<use figuras/interacting_densities_bpb.pdf>
Underfull \hbox (badness 10000) in paragraph at lines 8--35

 []


Underfull \hbox (badness 10000) in paragraph at lines 8--35

 []


Underfull \hbox (badness 10000) in paragraph at lines 8--35

 []


Underfull \hbox (badness 10000) in paragraph at lines 8--35

 []


Underfull \hbox (badness 10000) in paragraph at lines 8--35

 []

[62



] [63]

LaTeX Warning: Text page 64 contains only floats.

[64 <./figuras/interacting_densities_cc.pdf> <./figuras/interacting_densities_b
pa.pdf> <./figuras/interacting_densities_bpb.pdf>]
Underfull \hbox (badness 10000) in paragraph at lines 48--50

 []


Underfull \hbox (badness 10000) in paragraph at lines 48--50

 []


Underfull \hbox (badness 10000) in paragraph at lines 53--55

 []


Underfull \hbox (badness 10000) in paragraph at lines 57--61

 []


Underfull \hbox (badness 10000) in paragraph at lines 57--61

 []


Underfull \hbox (badness 10000) in paragraph at lines 63--67

 []


Underfull \hbox (badness 10000) in paragraph at lines 63--67

 []

[65] <figuras/correlacion_de_a_pares_bhi.png, id=359, 1204.5pt x 579.16376pt>
File: figuras/correlacion_de_a_pares_bhi.png Graphic file (type png)

<use figuras/correlacion_de_a_pares_bhi.png>
Underfull \hbox (badness 10000) in paragraph at lines 69--80

 []


Underfull \hbox (badness 10000) in paragraph at lines 69--80

 []


Underfull \hbox (badness 10000) in paragraph at lines 69--80

 []

[66] [67 <./figuras/correlacion_de_a_pares_bhi.png (PNG copy)>]
<figuras/bhi_km_ds1_ds4_control1.pdf, id=368, 794.97pt x 614.295pt>
File: figuras/bhi_km_ds1_ds4_control1.pdf Graphic file (type pdf)

<use figuras/bhi_km_ds1_ds4_control1.pdf>
<figuras/bhi_km_ds1_ds4_control2.pdf, id=369, 794.97pt x 614.295pt>
File: figuras/bhi_km_ds1_ds4_control2.pdf Graphic file (type pdf)

<use figuras/bhi_km_ds1_ds4_control2.pdf>
Underfull \hbox (badness 10000) in paragraph at lines 82--100

 []

)
Underfull \hbox (badness 10000) in paragraph at lines 101--59

 []


Underfull \hbox (badness 10000) in paragraph at lines 101--59

 []


Underfull \hbox (badness 10000) in paragraph at lines 101--59

 []

[68

]

LaTeX Warning: Text page 69 contains only floats.

[69 <./figuras/bhi_km_ds1_ds4_control1.pdf> <./figuras/bhi_km_ds1_ds4_control2.
pdf>]
\openout2 = `cap_6_coherencia_entre_la_metrica_transcripcional_y_el_espacio_de_
expresion.aux'.


(./cap_6_coherencia_entre_la_metrica_transcripcional_y_el_espacio_de_expresion.
tex
Cap\'{\i }tulo 6.

Underfull \hbox (badness 10000) in paragraph at lines 11--17

 []


Underfull \hbox (badness 10000) in paragraph at lines 11--17

 []


Underfull \hbox (badness 10000) in paragraph at lines 11--17

 []


Underfull \hbox (badness 10000) in paragraph at lines 11--17

 []

[70



]
Underfull \hbox (badness 10000) in paragraph at lines 19--22

 []


Underfull \hbox (badness 10000) in paragraph at lines 25--28

 []


Underfull \hbox (badness 10000) in paragraph at lines 25--28

 []


Underfull \hbox (badness 10000) in paragraph at lines 25--28

 []


Underfull \hbox (badness 10000) in paragraph at lines 33--37

 []


Underfull \hbox (badness 10000) in paragraph at lines 33--37

 []

[71] <figuras/kta_global_cc.pdf, id=395, 794.97pt x 614.295pt>
File: figuras/kta_global_cc.pdf Graphic file (type pdf)

<use figuras/kta_global_cc.pdf>
<figuras/kta_global_bpa.pdf, id=396, 794.97pt x 614.295pt>
File: figuras/kta_global_bpa.pdf Graphic file (type pdf)

<use figuras/kta_global_bpa.pdf> [72 <./figuras/kta_global_cc.pdf>]
<figuras/kta_global_bpb.pdf, id=407, 794.97pt x 614.295pt>
File: figuras/kta_global_bpb.pdf Graphic file (type pdf)

<use figuras/kta_global_bpb.pdf>
Underfull \hbox (badness 10000) in paragraph at lines 54--56

 []


Underfull \hbox (badness 10000) in paragraph at lines 54--56

 []


Underfull \hbox (badness 10000) in paragraph at lines 54--56

 []

[73 <./figuras/kta_global_bpa.pdf> <./figuras/kta_global_bpb.pdf>]
Underfull \hbox (badness 10000) in paragraph at lines 57--59

 []


Underfull \hbox (badness 10000) in paragraph at lines 60--62

 []


Underfull \hbox (badness 10000) in paragraph at lines 60--62

 []

[74] <figuras/erdos_renyi_vs_30kmnn.pdf, id=426, 794.97pt x 614.295pt>
File: figuras/erdos_renyi_vs_30kmnn.pdf Graphic file (type pdf)

<use figuras/erdos_renyi_vs_30kmnn.pdf>
<figuras/betweenness_er_30_conf.pdf, id=427, 794.97pt x 614.295pt>
File: figuras/betweenness_er_30_conf.pdf Graphic file (type pdf)

<use figuras/betweenness_er_30_conf.pdf>
Underfull \hbox (badness 10000) in paragraph at lines 63--84

 []


Underfull \hbox (badness 10000) in paragraph at lines 63--84

 []


Underfull \hbox (badness 10000) in paragraph at lines 63--84

 []

[75] [76 <./figuras/erdos_renyi_vs_30kmnn.pdf> <./figuras/betweenness_er_30_con
f.pdf>] <figuras/nx_vs_ny.pdf, id=454, 794.97pt x 614.295pt>
File: figuras/nx_vs_ny.pdf Graphic file (type pdf)

<use figuras/nx_vs_ny.pdf>
<figuras/wy_vs_wynanotados.pdf, id=455, 794.97pt x 614.295pt>
File: figuras/wy_vs_wynanotados.pdf Graphic file (type pdf)

<use figuras/wy_vs_wynanotados.pdf>
<figuras/lktaanotados_vs_wnyanotados.pdf, id=456, 794.97pt x 614.295pt>
File: figuras/lktaanotados_vs_wnyanotados.pdf Graphic file (type pdf)

<use figuras/lktaanotados_vs_wnyanotados.pdf>
<figuras/lktaanotados_vs_nyanotados.pdf, id=457, 794.97pt x 614.295pt>
File: figuras/lktaanotados_vs_nyanotados.pdf Graphic file (type pdf)

<use figuras/lktaanotados_vs_nyanotados.pdf>
Underfull \hbox (badness 10000) in paragraph at lines 86--119

 []


Underfull \hbox (badness 10000) in paragraph at lines 86--119

 []


Underfull \hbox (badness 10000) in paragraph at lines 86--119

 []

) [77

] [78 <./figuras/nx_vs_ny.pdf> <./figuras/wy_vs_wynanotados.pdf> <./figuras/lkt
aanotados_vs_wnyanotados.pdf> <./figuras/lktaanotados_vs_nyanotados.pdf>]
\openout2 = `cap_7_metrica_mixta.aux'.


(./cap_7_metrica_mixta.tex
Cap\'{\i }tulo 7.

Underfull \hbox (badness 10000) in paragraph at lines 2--5

 []


Underfull \hbox (badness 10000) in paragraph at lines 2--5

 []


Underfull \hbox (badness 10000) in paragraph at lines 10--14

 []


Underfull \hbox (badness 10000) in paragraph at lines 10--14

 []

[79



] <figuras/distribucion_strength_beta_1.pdf, id=492, 794.97pt x 614.295pt>
File: figuras/distribucion_strength_beta_1.pdf Graphic file (type pdf)

<use figuras/distribucion_strength_beta_1.pdf>
<figuras/distribucion_strength_beta_4.pdf, id=493, 794.97pt x 614.295pt>
File: figuras/distribucion_strength_beta_4.pdf Graphic file (type pdf)

<use figuras/distribucion_strength_beta_4.pdf>

LaTeX Warning: Reference `eq:pesos_beta' on page 80 undefined on input line 47.



Underfull \hbox (badness 10000) in paragraph at lines 29--48

 []


Underfull \hbox (badness 10000) in paragraph at lines 49--51

 []

[80] <figuras/distribucion_de_stress.png, id=497, 1204.5pt x 1080.035pt>
File: figuras/distribucion_de_stress.png Graphic file (type png)

<use figuras/distribucion_de_stress.png> [81 <./figuras/distribucion_strength_b
eta_1.pdf> <./figuras/distribucion_strength_beta_4.pdf>]
Underfull \hbox (badness 10000) in paragraph at lines 59--65

 []


Underfull \hbox (badness 10000) in paragraph at lines 59--65

 []


Underfull \hbox (badness 10000) in paragraph at lines 59--65

 []


Underfull \hbox (badness 10000) in paragraph at lines 59--65

 []


Underfull \hbox (badness 10000) in paragraph at lines 59--65

 []


Underfull \hbox (badness 10000) in paragraph at lines 59--65

 []


Underfull \hbox (badness 10000) in paragraph at lines 59--65

 []


Underfull \hbox (badness 10000) in paragraph at lines 59--65

 []

[82 <./figuras/distribucion_de_stress.png (PNG copy)>] [83]
<figuras/metodos_mixtos_grupo_2.png, id=521, 1204.5pt x 1080.035pt>
File: figuras/metodos_mixtos_grupo_2.png Graphic file (type png)

<use figuras/metodos_mixtos_grupo_2.png>
<figuras/metodos_mixtos_grupo_9.png, id=522, 1204.5pt x 1080.035pt>
File: figuras/metodos_mixtos_grupo_9.png Graphic file (type png)

<use figuras/metodos_mixtos_grupo_9.png> [84 <./figuras/metodos_mixtos_grupo_2.
png (PNG copy)>] [85 <./figuras/metodos_mixtos_grupo_9.png (PNG copy)>]
Underfull \hbox (badness 10000) in paragraph at lines 81--84

 []


Underfull \hbox (badness 10000) in paragraph at lines 81--84

 []

<figuras/bhi_nuevo_vs_bhi_original.pdf, id=530, 794.97pt x 614.295pt>
File: figuras/bhi_nuevo_vs_bhi_original.pdf Graphic file (type pdf)

<use figuras/bhi_nuevo_vs_bhi_original.pdf> [86


]
Underfull \hbox (badness 10000) in paragraph at lines 90--93

 []


Underfull \hbox (badness 10000) in paragraph at lines 90--93

 []

<figuras/metodos_mixtos_2_6_13.pdf, id=534, 578.16pt x 722.7pt>
File: figuras/metodos_mixtos_2_6_13.pdf Graphic file (type pdf)

<use figuras/metodos_mixtos_2_6_13.pdf> [87 <./figuras/bhi_nuevo_vs_bhi_origina
l.pdf>]
Underfull \hbox (badness 10000) in paragraph at lines 99--104

 []


Underfull \hbox (badness 10000) in paragraph at lines 99--104

 []


Underfull \hbox (badness 10000) in paragraph at lines 99--104

 []


Underfull \hbox (badness 10000) in paragraph at lines 99--104

 []

[88 <./figuras/metodos_mixtos_2_6_13.pdf>]
<figuras/fisher_grupo_2.pdf, id=553, 746.79pt x 643.40375pt>
File: figuras/fisher_grupo_2.pdf Graphic file (type pdf)

<use figuras/fisher_grupo_2.pdf>
<figuras/fisher_grupo_6.pdf, id=554, 723.70375pt x 643.40375pt>
File: figuras/fisher_grupo_6.pdf Graphic file (type pdf)

<use figuras/fisher_grupo_6.pdf>
<figuras/fisher_grupo_13.pdf, id=555, 542.025pt x 477.785pt>
File: figuras/fisher_grupo_13.pdf Graphic file (type pdf)

<use figuras/fisher_grupo_13.pdf>
Underfull \hbox (badness 10000) in paragraph at lines 126--135

 []


Underfull \hbox (badness 10000) in paragraph at lines 126--135

 []


Underfull \hbox (badness 10000) in paragraph at lines 126--135

 []


Underfull \hbox (badness 10000) in paragraph at lines 126--135

 []


Underfull \hbox (badness 10000) in paragraph at lines 126--135

 []


Underfull \hbox (badness 10000) in paragraph at lines 126--135

 []


Underfull \hbox (badness 10000) in paragraph at lines 126--135

 []


Underfull \hbox (badness 10000) in paragraph at lines 126--135

 []

[89]) [90] [91 <./figuras/fisher_grupo_2.pdf>] [92 <./figuras/fisher_grupo_6.pd
f>] [93 <./figuras/fisher_grupo_13.pdf>]
\openout2 = `cap_8_conclusiones_y_perspectivas.aux'.


(./cap_8_conclusiones_y_perspectivas.tex
Cap\'{\i }tulo 8.

Underfull \hbox (badness 10000) in paragraph at lines 2--17

 []


Underfull \hbox (badness 10000) in paragraph at lines 2--17

 []


Underfull \hbox (badness 10000) in paragraph at lines 2--17

 []


Underfull \hbox (badness 10000) in paragraph at lines 2--17

 []


Underfull \hbox (badness 10000) in paragraph at lines 2--17

 []


Underfull \hbox (badness 10000) in paragraph at lines 2--17

 []


Underfull \hbox (badness 10000) in paragraph at lines 2--17

 []


Underfull \hbox (badness 10000) in paragraph at lines 2--17

 []


Underfull \hbox (badness 10000) in paragraph at lines 2--17

 []


Underfull \hbox (badness 10000) in paragraph at lines 2--17

 []


Underfull \hbox (badness 10000) in paragraph at lines 2--17

 []


Underfull \hbox (badness 10000) in paragraph at lines 2--17

 []


Underfull \hbox (badness 10000) in paragraph at lines 2--17

 []


Underfull \hbox (badness 10000) in paragraph at lines 2--17

 []


Underfull \hbox (badness 10000) in paragraph at lines 2--17

 []

[94



] [95]) [96] (./tesis_de_licenciatura.bbl
Overfull \hbox (24.12828pt too wide) in paragraph at lines 54--59
\OT1/cmr/m/n/12 URL \OT1/cmtt/m/n/12 http://www.mrc-lmb.cam.ac.uk/genomes/madan
m/microarray/chapter-final.pdf 
 []


Underfull \hbox (badness 10000) in paragraph at lines 67--72
[]\OT1/cmr/m/sc/12 arabidopsis.org\OT1/cmr/m/n/12 .  \OT1/cmr/m/it/12 Mi-cro-ar
ray da-ta from At-Ge-nEx-press\OT1/cmr/m/n/12 .
 []


Overfull \hbox (12.33537pt too wide) in paragraph at lines 67--72
\OT1/cmtt/m/n/12 https://www.arabidopsis.org/portals/expression/microarray/ATGe
nExpress.jsp\OT1/cmr/m/n/12 . 
 []

[97



] [98]
Overfull \hbox (567.35356pt too wide) in paragraph at lines 274--280
\OT1/cmr/m/n/12 URL \OT1/cmtt/m/n/12 http://www.nature.com/nbt/journal/v31/n1/a
bs/nbt.2463.html$\OMS/cmsy/m/n/12 n$\OT1/cmtt/m/n/12 nhttp://www.pubmedcentral.
nih.gov/articlerender.fcgi?artid=3654867&tool=pmcentrez&rendertype=abstract 
 []

LaTeX Font Info:    Try loading font information for OMS+cmtt on input line 287
.
(/usr/share/texmf/tex/latex/R/tex/latex/omscmtt.fd
File: omscmtt.fd 
)
LaTeX Font Info:    Font shape `OMS/cmtt/m/n' in size <12> not available
(Font)              Font shape `OMS/cmsy/m/n' tried instead on input line 287.

Overfull \hbox (221.02843pt too wide) in paragraph at lines 282--288
\OT1/cmr/m/n/12 URL \OT1/cmtt/m/n/12 http://www.pubmedcentral.nih.gov/articlere
nder.fcgi?artid=1590054\OMS/cmsy/m/n/12 f\OT1/cmtt/m/n/12 &\OMS/cmsy/m/n/12 g\O
T1/cmtt/m/n/12 tool=pmcentrez\OMS/cmsy/m/n/12 f\OT1/cmtt/m/n/12 &\OMS/cmsy/m/n/
12 g\OT1/cmtt/m/n/12 rendertype=abstract 
 []

[99]) [100] (./tesis_de_licenciatura.aux (./cap_resumen.aux)
(./cap_0_motivaciones_y_objetivos.aux) (./cap_1_introduccion.aux)
(./cap_2_materiales_y_metodos.aux)
(./cap_3_metodos_de_agrupamiento_de_datos.aux)
(./cap_4_analisis_de_datos_transcripcionales.aux) (./cap_5_bhi.aux)
(./cap_6_coherencia_entre_la_metrica_transcripcional_y_el_espacio_de_expresion.
aux) (./cap_7_metrica_mixta.aux) (./cap_8_conclusiones_y_perspectivas.aux))

LaTeX Warning: There were undefined references.


LaTeX Warning: There were multiply-defined labels.

 ) 
Here is how much of TeX's memory you used:
 5022 strings out of 494999
 75829 string characters out of 1180816
 151754 words of memory out of 3000000
 8009 multiletter control sequences out of 15000+50000
 15476 words of font info for 59 fonts, out of 3000000 for 9000
 54 hyphenation exceptions out of 8191
 38i,14n,43p,1765b,551s stack positions out of 5000i,500n,10000p,200000b,50000s
</usr/share/texmf-texlive/fonts/type1/public/amsfonts/cm/cmbx12.pfb></usr/sha
re/texmf-texlive/fonts/type1/public/amsfonts/cm/cmcsc10.pfb></usr/share/texmf-t
exlive/fonts/type1/public/amsfonts/cm/cmex10.pfb></usr/share/texmf-texlive/font
s/type1/public/amsfonts/cm/cmmi10.pfb></usr/share/texmf-texlive/fonts/type1/pub
lic/amsfonts/cm/cmmi12.pfb></usr/share/texmf-texlive/fonts/type1/public/amsfont
s/cm/cmmi6.pfb></usr/share/texmf-texlive/fonts/type1/public/amsfonts/cm/cmmi7.p
fb></usr/share/texmf-texlive/fonts/type1/public/amsfonts/cm/cmmi8.pfb></usr/sha
re/texmf-texlive/fonts/type1/public/amsfonts/cm/cmr10.pfb></usr/share/texmf-tex
live/fonts/type1/public/amsfonts/cm/cmr12.pfb></usr/share/texmf-texlive/fonts/t
ype1/public/amsfonts/cm/cmr17.pfb></usr/share/texmf-texlive/fonts/type1/public/
amsfonts/cm/cmr6.pfb></usr/share/texmf-texlive/fonts/type1/public/amsfonts/cm/c
mr7.pfb></usr/share/texmf-texlive/fonts/type1/public/amsfonts/cm/cmr8.pfb></usr
/share/texmf-texlive/fonts/type1/public/amsfonts/cm/cmsy10.pfb></usr/share/texm
f-texlive/fonts/type1/public/amsfonts/cm/cmsy7.pfb></usr/share/texmf-texlive/fo
nts/type1/public/amsfonts/cm/cmsy8.pfb></usr/share/texmf-texlive/fonts/type1/pu
blic/amsfonts/cm/cmti10.pfb></usr/share/texmf-texlive/fonts/type1/public/amsfon
ts/cm/cmti12.pfb></usr/share/texmf-texlive/fonts/type1/public/amsfonts/cm/cmtt1
2.pfb></usr/share/texmf-texlive/fonts/type1/public/amsfonts/symbols/msbm10.pfb>

Output written on tesis_de_licenciatura.pdf (101 pages, 4294694 bytes).
PDF statistics:
 688 PDF objects out of 1000 (max. 8388607)
 0 named destinations out of 1000 (max. 500000)
 271 words of extra memory for PDF output out of 10000 (max. 10000000)

